TN:
SF:src/ejercicio1/observable.ts
FN:16,<instance_members_initializer>
FN:23,subscribe
FN:31,unsubscribe
FN:42,notify
FN:50,fireEvent
FNF:5
FNH:5
FNDA:4,<instance_members_initializer>
FNDA:5,subscribe
FNDA:1,unsubscribe
FNDA:5,notify
FNDA:5,fireEvent
DA:1,1
DA:2,1
DA:3,1
DA:4,1
DA:5,1
DA:6,1
DA:7,1
DA:8,1
DA:9,1
DA:10,1
DA:11,1
DA:12,1
DA:13,1
DA:14,1
DA:15,1
DA:16,1
DA:17,4
DA:18,4
DA:19,4
DA:20,4
DA:21,4
DA:22,4
DA:23,4
DA:24,5
DA:25,5
DA:26,4
DA:27,4
DA:28,4
DA:29,4
DA:30,4
DA:31,4
DA:32,1
DA:33,1
DA:34,1
DA:35,1
DA:36,1
DA:37,4
DA:38,4
DA:39,4
DA:40,4
DA:41,4
DA:42,4
DA:43,5
DA:44,5
DA:45,4
DA:46,4
DA:47,4
DA:48,4
DA:49,4
DA:50,4
DA:51,5
DA:52,5
DA:53,4
LF:53
LH:53
BRDA:16,0,0,4
BRDA:23,1,0,5
BRDA:31,2,0,1
BRDA:42,3,0,5
BRDA:43,4,0,5
BRDA:50,5,0,5
BRF:6
BRH:6
end_of_record
